receive :
	 ToUserName : gh_e55ff3051e1d
	 FromUserName : op3adjpf0w9eILQ-dtxyx6pBdo1g
	 CreateTime : 1630595869
	 Content : 查询本周
	 Recognition : None


[1;34;40mRecieved message: 查询本周 , interpreting [0m

[1;34;40mInterpretation result: (None, None, None) [0m

[1;32;40mProcessing <Query>: None None None [0m

reply :
	 MsgType : text
	 Content : 2021年9月2日23:17没有预约


receive :
	 ToUserName : gh_e55ff3051e1d
	 FromUserName : op3adjpf0w9eILQ-dtxyx6pBdo1g
	 CreateTime : 1630595880
	 Content : 查询本周
	 Recognition : None


[1;34;40mRecieved message: 查询本周 , interpreting [0m

[1;34;40mInterpretation result: (None, None, None) [0m

[1;32;40mProcessing <Query>: None None None [0m

reply :
	 MsgType : text
	 Content : 2021年9月2日23:18没有预约


